<?xml version="1.0" encoding="UTF-8"?>
<!-- Generated by org.testng.reporters.JUnitReportReporter -->
<testsuite skipped="0" hostname="LAPTOP-209335EI" name="Informatorio.testing.App" tests="1" failures="0" timestamp="10 oct 2018 20:42:27 GMT" time="20.315" errors="0">
  <testcase name="Test" time="20.315" classname="Informatorio.testing.App"/>
</testsuite> <!-- Informatorio.testing.App -->
